<?xml version="1.0" encoding="UTF-8"?>
<!-- Generated by org.testng.reporters.JUnitXMLReporter -->
<testsuite hostname="DESKTOP-BVVQG2P" failures="0" tests="4" name="Test" time="0.047" errors="0" timestamp="23 Jan 2021 01:35:36 GMT">
  <testcase classname="acquickacademic.SeleniumTest" name="BrowserAUtomation" time="0.013"/>
  <testcase classname="acquickacademic.SeleniumTest" name="elementsUi" time="0.003"/>
  <testcase classname="acquickacademic.APITest" name="deleteTwitter" time="0.002"/>
  <testcase classname="acquickacademic.APITest" name="postJira" time="0.002"/>
</testsuite> <!-- Test -->
