<?xml version="1.0" encoding="UTF-8"?>
<!-- Generated by org.testng.reporters.JUnitXMLReporter -->
<testsuite ignored="0" hostname="DESKTOP-BVVQG2P" failures="0" tests="4" name="Test" time="0.036" errors="0" timestamp="2021-02-02T17:11:10 PST">
  <testcase classname="acquickacademic.SeleniumTest" name="BrowserAUtomation" time="0.004"/>
  <testcase classname="acquickacademic.SeleniumTest" name="elementsUi" time="0.0"/>
  <testcase classname="acquickacademic.APITest" name="deleteTwitter" time="0.0"/>
  <testcase classname="acquickacademic.APITest" name="postJira" time="0.0"/>
</testsuite> <!-- Test -->
