<?xml version="1.0" encoding="UTF-8"?>
<testng-results ignored="0" total="4" passed="4" failed="0" skipped="0">
  <reporter-output>
  </reporter-output>
  <suite started-at="2021-02-02T17:11:10 PST" name="Suite" finished-at="2021-02-02T17:11:10 PST" duration-ms="36">
    <groups>
    </groups>
    <test started-at="2021-02-02T17:11:10 PST" name="Test" finished-at="2021-02-02T17:11:10 PST" duration-ms="36">
      <class name="acquickacademic.APITest">
        <test-method signature="deleteTwitter()[pri:0, instance:acquickacademic.APITest@3e0e1046]" started-at="2021-02-02T17:11:10 PST" name="deleteTwitter" finished-at="2021-02-02T17:11:10 PST" duration-ms="0" status="PASS">
          <reporter-output>
          </reporter-output>
        </test-method> <!-- deleteTwitter -->
        <test-method signature="postJira()[pri:0, instance:acquickacademic.APITest@3e0e1046]" started-at="2021-02-02T17:11:10 PST" name="postJira" finished-at="2021-02-02T17:11:10 PST" duration-ms="0" status="PASS">
          <reporter-output>
          </reporter-output>
        </test-method> <!-- postJira -->
      </class> <!-- acquickacademic.APITest -->
      <class name="acquickacademic.SeleniumTest">
        <test-method signature="BrowserAUtomation()[pri:0, instance:acquickacademic.SeleniumTest@1b66c0fb]" started-at="2021-02-02T17:11:10 PST" name="BrowserAUtomation" finished-at="2021-02-02T17:11:10 PST" duration-ms="4" status="PASS">
          <reporter-output>
          </reporter-output>
        </test-method> <!-- BrowserAUtomation -->
        <test-method signature="elementsUi()[pri:0, instance:acquickacademic.SeleniumTest@1b66c0fb]" started-at="2021-02-02T17:11:10 PST" name="elementsUi" finished-at="2021-02-02T17:11:10 PST" duration-ms="0" status="PASS">
          <reporter-output>
          </reporter-output>
        </test-method> <!-- elementsUi -->
      </class> <!-- acquickacademic.SeleniumTest -->
    </test> <!-- Test -->
  </suite> <!-- Suite -->
</testng-results>
