<?xml version="1.0" encoding="UTF-8"?>
<testng-results total="2" passed="2" failed="0" skipped="0">
  <reporter-output>
  </reporter-output>
  <suite started-at="2021-01-23T17:28:10Z" name="Default suite" finished-at="2021-01-23T17:28:10Z" duration-ms="53">
    <groups>
    </groups>
    <test started-at="2021-01-23T17:28:10Z" name="Default test" finished-at="2021-01-23T17:28:10Z" duration-ms="53">
      <class name="acquickacademic.SeleniumTest">
        <test-method signature="BrowserAUtomation()[pri:0, instance:acquickacademic.SeleniumTest@6c64cb25]" started-at="2021-01-23T09:28:10Z" name="BrowserAUtomation" finished-at="2021-01-23T09:28:10Z" duration-ms="19" status="PASS">
          <reporter-output>
          </reporter-output>
        </test-method> <!-- BrowserAUtomation -->
        <test-method signature="elementsUi()[pri:0, instance:acquickacademic.SeleniumTest@6c64cb25]" started-at="2021-01-23T09:28:10Z" name="elementsUi" finished-at="2021-01-23T09:28:10Z" duration-ms="2" status="PASS">
          <reporter-output>
          </reporter-output>
        </test-method> <!-- elementsUi -->
      </class> <!-- acquickacademic.SeleniumTest -->
    </test> <!-- Default test -->
  </suite> <!-- Default suite -->
</testng-results>
